Determining if the pthread_create exist failed with the following output:
Change Dir: /home/viki/pizza/brownie/build-naoqi-sdk/CMakeFiles/CMakeTmp

Run Build Command:/usr/bin/make "cmTryCompileExec1980252171/fast"
make[1]: Entering directory `/home/viki/pizza/brownie/build-naoqi-sdk/CMakeFiles/CMakeTmp'
/usr/bin/make -f CMakeFiles/cmTryCompileExec1980252171.dir/build.make CMakeFiles/cmTryCompileExec1980252171.dir/build
make[2]: Entering directory `/home/viki/pizza/brownie/build-naoqi-sdk/CMakeFiles/CMakeTmp'
/usr/bin/cmake -E cmake_progress_report /home/viki/pizza/brownie/build-naoqi-sdk/CMakeFiles/CMakeTmp/CMakeFiles 1
Building C object CMakeFiles/cmTryCompileExec1980252171.dir/CheckSymbolExists.c.o
/usr/bin/cc    -o CMakeFiles/cmTryCompileExec1980252171.dir/CheckSymbolExists.c.o   -c /home/viki/pizza/brownie/build-naoqi-sdk/CMakeFiles/CMakeTmp/CheckSymbolExists.c
Linking C executable cmTryCompileExec1980252171
/usr/bin/cmake -E cmake_link_script CMakeFiles/cmTryCompileExec1980252171.dir/link.txt --verbose=1
/usr/bin/cc       CMakeFiles/cmTryCompileExec1980252171.dir/CheckSymbolExists.c.o  -o cmTryCompileExec1980252171 -rdynamic 
CMakeFiles/cmTryCompileExec1980252171.dir/CheckSymbolExists.c.o: In function `main':
CheckSymbolExists.c:(.text+0x16): undefined reference to `pthread_create'
collect2: error: ld returned 1 exit status
make[2]: Leaving directory `/home/viki/pizza/brownie/build-naoqi-sdk/CMakeFiles/CMakeTmp'
make[2]: *** [cmTryCompileExec1980252171] Error 1
make[1]: Leaving directory `/home/viki/pizza/brownie/build-naoqi-sdk/CMakeFiles/CMakeTmp'
make[1]: *** [cmTryCompileExec1980252171/fast] Error 2

File /home/viki/pizza/brownie/build-naoqi-sdk/CMakeFiles/CMakeTmp/CheckSymbolExists.c:
/* */
#include <pthread.h>

int main(int argc, char** argv)
{
  (void)argv;
#ifndef pthread_create
  return ((int*)(&pthread_create))[argc];
#else
  (void)argc;
  return 0;
#endif
}

Determining if the function pthread_create exists in the pthreads failed with the following output:
Change Dir: /home/viki/pizza/brownie/build-naoqi-sdk/CMakeFiles/CMakeTmp

Run Build Command:/usr/bin/make "cmTryCompileExec1823475906/fast"
make[1]: Entering directory `/home/viki/pizza/brownie/build-naoqi-sdk/CMakeFiles/CMakeTmp'
/usr/bin/make -f CMakeFiles/cmTryCompileExec1823475906.dir/build.make CMakeFiles/cmTryCompileExec1823475906.dir/build
make[2]: Entering directory `/home/viki/pizza/brownie/build-naoqi-sdk/CMakeFiles/CMakeTmp'
/usr/bin/cmake -E cmake_progress_report /home/viki/pizza/brownie/build-naoqi-sdk/CMakeFiles/CMakeTmp/CMakeFiles 1
Building C object CMakeFiles/cmTryCompileExec1823475906.dir/CheckFunctionExists.c.o
/usr/bin/cc   -DCHECK_FUNCTION_EXISTS=pthread_create   -o CMakeFiles/cmTryCompileExec1823475906.dir/CheckFunctionExists.c.o   -c /usr/share/cmake-2.8/Modules/CheckFunctionExists.c
Linking C executable cmTryCompileExec1823475906
/usr/bin/cmake -E cmake_link_script CMakeFiles/cmTryCompileExec1823475906.dir/link.txt --verbose=1
/usr/bin/cc   -DCHECK_FUNCTION_EXISTS=pthread_create    CMakeFiles/cmTryCompileExec1823475906.dir/CheckFunctionExists.c.o  -o cmTryCompileExec1823475906 -rdynamic -lpthreads 
/usr/bin/ld: cannot find -lpthreads
collect2: error: ld returned 1 exit status
make[2]: Leaving directory `/home/viki/pizza/brownie/build-naoqi-sdk/CMakeFiles/CMakeTmp'
make[2]: *** [cmTryCompileExec1823475906] Error 1
make[1]: Leaving directory `/home/viki/pizza/brownie/build-naoqi-sdk/CMakeFiles/CMakeTmp'
make[1]: *** [cmTryCompileExec1823475906/fast] Error 2


Determining if the pthread_create exist failed with the following output:
Change Dir: /home/viki/pizza/brownie/build-naoqi-sdk/CMakeFiles/CMakeTmp

Run Build Command:/usr/bin/make "cmTryCompileExec3002848966/fast"
/usr/bin/make -f CMakeFiles/cmTryCompileExec3002848966.dir/build.make CMakeFiles/cmTryCompileExec3002848966.dir/build
make[1]: Entering directory `/home/viki/pizza/brownie/build-naoqi-sdk/CMakeFiles/CMakeTmp'
/usr/bin/cmake -E cmake_progress_report /home/viki/pizza/brownie/build-naoqi-sdk/CMakeFiles/CMakeTmp/CMakeFiles 1
Building C object CMakeFiles/cmTryCompileExec3002848966.dir/CheckSymbolExists.c.o
/usr/bin/cc    -o CMakeFiles/cmTryCompileExec3002848966.dir/CheckSymbolExists.c.o   -c /home/viki/pizza/brownie/build-naoqi-sdk/CMakeFiles/CMakeTmp/CheckSymbolExists.c
Linking C executable cmTryCompileExec3002848966
/usr/bin/cmake -E cmake_link_script CMakeFiles/cmTryCompileExec3002848966.dir/link.txt --verbose=1
/usr/bin/cc       CMakeFiles/cmTryCompileExec3002848966.dir/CheckSymbolExists.c.o  -o cmTryCompileExec3002848966 -rdynamic 
CMakeFiles/cmTryCompileExec3002848966.dir/CheckSymbolExists.c.o: In function `main':
CheckSymbolExists.c:(.text+0x16): undefined reference to `pthread_create'
collect2: error: ld returned 1 exit status
make[1]: Leaving directory `/home/viki/pizza/brownie/build-naoqi-sdk/CMakeFiles/CMakeTmp'
make[1]: *** [cmTryCompileExec3002848966] Error 1
make: *** [cmTryCompileExec3002848966/fast] Error 2

File /home/viki/pizza/brownie/build-naoqi-sdk/CMakeFiles/CMakeTmp/CheckSymbolExists.c:
/* */
#include <pthread.h>

int main(int argc, char** argv)
{
  (void)argv;
#ifndef pthread_create
  return ((int*)(&pthread_create))[argc];
#else
  (void)argc;
  return 0;
#endif
}

Determining if the function pthread_create exists in the pthreads failed with the following output:
Change Dir: /home/viki/pizza/brownie/build-naoqi-sdk/CMakeFiles/CMakeTmp

Run Build Command:/usr/bin/make "cmTryCompileExec1083447468/fast"
/usr/bin/make -f CMakeFiles/cmTryCompileExec1083447468.dir/build.make CMakeFiles/cmTryCompileExec1083447468.dir/build
make[1]: Entering directory `/home/viki/pizza/brownie/build-naoqi-sdk/CMakeFiles/CMakeTmp'
/usr/bin/cmake -E cmake_progress_report /home/viki/pizza/brownie/build-naoqi-sdk/CMakeFiles/CMakeTmp/CMakeFiles 1
Building C object CMakeFiles/cmTryCompileExec1083447468.dir/CheckFunctionExists.c.o
/usr/bin/cc   -DCHECK_FUNCTION_EXISTS=pthread_create   -o CMakeFiles/cmTryCompileExec1083447468.dir/CheckFunctionExists.c.o   -c /usr/share/cmake-2.8/Modules/CheckFunctionExists.c
Linking C executable cmTryCompileExec1083447468
/usr/bin/cmake -E cmake_link_script CMakeFiles/cmTryCompileExec1083447468.dir/link.txt --verbose=1
/usr/bin/cc   -DCHECK_FUNCTION_EXISTS=pthread_create    CMakeFiles/cmTryCompileExec1083447468.dir/CheckFunctionExists.c.o  -o cmTryCompileExec1083447468 -rdynamic -lpthreads 
/usr/bin/ld: cannot find -lpthreads
collect2: error: ld returned 1 exit status
make[1]: Leaving directory `/home/viki/pizza/brownie/build-naoqi-sdk/CMakeFiles/CMakeTmp'
make[1]: *** [cmTryCompileExec1083447468] Error 1
make: *** [cmTryCompileExec1083447468/fast] Error 2


