Determining if the pthread_create exist failed with the following output:
Change Dir: /home/viki/pizza/brownie/build-sys-linux-x86_64/CMakeFiles/CMakeTmp

Run Build Command:/usr/bin/make "cmTryCompileExec1457006080/fast"
make[1]: Entering directory `/home/viki/pizza/brownie/build-sys-linux-x86_64/CMakeFiles/CMakeTmp'
/usr/bin/make -f CMakeFiles/cmTryCompileExec1457006080.dir/build.make CMakeFiles/cmTryCompileExec1457006080.dir/build
make[2]: Entering directory `/home/viki/pizza/brownie/build-sys-linux-x86_64/CMakeFiles/CMakeTmp'
/usr/bin/cmake -E cmake_progress_report /home/viki/pizza/brownie/build-sys-linux-x86_64/CMakeFiles/CMakeTmp/CMakeFiles 1
Building C object CMakeFiles/cmTryCompileExec1457006080.dir/CheckSymbolExists.c.o
/usr/bin/cc    -o CMakeFiles/cmTryCompileExec1457006080.dir/CheckSymbolExists.c.o   -c /home/viki/pizza/brownie/build-sys-linux-x86_64/CMakeFiles/CMakeTmp/CheckSymbolExists.c
Linking C executable cmTryCompileExec1457006080
/usr/bin/cmake -E cmake_link_script CMakeFiles/cmTryCompileExec1457006080.dir/link.txt --verbose=1
/usr/bin/cc       CMakeFiles/cmTryCompileExec1457006080.dir/CheckSymbolExists.c.o  -o cmTryCompileExec1457006080 -rdynamic 
CMakeFiles/cmTryCompileExec1457006080.dir/CheckSymbolExists.c.o: In function `main':
CheckSymbolExists.c:(.text+0x16): undefined reference to `pthread_create'
collect2: error: ld returned 1 exit status
make[2]: Leaving directory `/home/viki/pizza/brownie/build-sys-linux-x86_64/CMakeFiles/CMakeTmp'
make[1]: Leaving directory `/home/viki/pizza/brownie/build-sys-linux-x86_64/CMakeFiles/CMakeTmp'
make[2]: *** [cmTryCompileExec1457006080] Error 1
make[1]: *** [cmTryCompileExec1457006080/fast] Error 2

File /home/viki/pizza/brownie/build-sys-linux-x86_64/CMakeFiles/CMakeTmp/CheckSymbolExists.c:
/* */
#include <pthread.h>

int main(int argc, char** argv)
{
  (void)argv;
#ifndef pthread_create
  return ((int*)(&pthread_create))[argc];
#else
  (void)argc;
  return 0;
#endif
}

Determining if the function pthread_create exists in the pthreads failed with the following output:
Change Dir: /home/viki/pizza/brownie/build-sys-linux-x86_64/CMakeFiles/CMakeTmp

Run Build Command:/usr/bin/make "cmTryCompileExec3164943160/fast"
make[1]: Entering directory `/home/viki/pizza/brownie/build-sys-linux-x86_64/CMakeFiles/CMakeTmp'
/usr/bin/make -f CMakeFiles/cmTryCompileExec3164943160.dir/build.make CMakeFiles/cmTryCompileExec3164943160.dir/build
make[2]: Entering directory `/home/viki/pizza/brownie/build-sys-linux-x86_64/CMakeFiles/CMakeTmp'
/usr/bin/cmake -E cmake_progress_report /home/viki/pizza/brownie/build-sys-linux-x86_64/CMakeFiles/CMakeTmp/CMakeFiles 1
Building C object CMakeFiles/cmTryCompileExec3164943160.dir/CheckFunctionExists.c.o
/usr/bin/cc   -DCHECK_FUNCTION_EXISTS=pthread_create   -o CMakeFiles/cmTryCompileExec3164943160.dir/CheckFunctionExists.c.o   -c /usr/share/cmake-2.8/Modules/CheckFunctionExists.c
Linking C executable cmTryCompileExec3164943160
/usr/bin/cmake -E cmake_link_script CMakeFiles/cmTryCompileExec3164943160.dir/link.txt --verbose=1
/usr/bin/cc   -DCHECK_FUNCTION_EXISTS=pthread_create    CMakeFiles/cmTryCompileExec3164943160.dir/CheckFunctionExists.c.o  -o cmTryCompileExec3164943160 -rdynamic -lpthreads 
/usr/bin/ld: cannot find -lpthreads
collect2: error: ld returned 1 exit status
make[2]: Leaving directory `/home/viki/pizza/brownie/build-sys-linux-x86_64/CMakeFiles/CMakeTmp'
make[2]: *** [cmTryCompileExec3164943160] Error 1
make[1]: Leaving directory `/home/viki/pizza/brownie/build-sys-linux-x86_64/CMakeFiles/CMakeTmp'
make[1]: *** [cmTryCompileExec3164943160/fast] Error 2


